{"total": {"lines":{"total":42,"covered":40,"skipped":0,"pct":95.24},"statements":{"total":42,"covered":40,"skipped":0,"pct":95.24},"functions":{"total":11,"covered":11,"skipped":0,"pct":100},"branches":{"total":10,"covered":9,"skipped":0,"pct":90}}
,"/Users/mariomejia/projects/codeQuality/codeQualityCLI/src/util/envVariablesValidator.ts": {"lines":{"total":13,"covered":11,"skipped":0,"pct":84.62},"functions":{"total":1,"covered":1,"skipped":0,"pct":100},"statements":{"total":13,"covered":11,"skipped":0,"pct":84.62},"branches":{"total":6,"covered":5,"skipped":0,"pct":83.33}}
,"/Users/mariomejia/projects/codeQuality/codeQualityCLI/src/util/fileReader.ts": {"lines":{"total":9,"covered":9,"skipped":0,"pct":100},"functions":{"total":3,"covered":3,"skipped":0,"pct":100},"statements":{"total":9,"covered":9,"skipped":0,"pct":100},"branches":{"total":2,"covered":2,"skipped":0,"pct":100}}
,"/Users/mariomejia/projects/codeQuality/codeQualityCLI/src/util/gitInfoReader.ts": {"lines":{"total":20,"covered":20,"skipped":0,"pct":100},"functions":{"total":7,"covered":7,"skipped":0,"pct":100},"statements":{"total":20,"covered":20,"skipped":0,"pct":100},"branches":{"total":2,"covered":2,"skipped":0,"pct":100}}
}
